Analysis & Synthesis report for Projeto_Final_Microprocessador
Tue Nov  1 16:54:03 2016
Quartus Prime Version 16.0.0 Build 211 04/27/2016 SJ Lite Edition


---------------------
; Table of Contents ;
---------------------
  1. Legal Notice
  2. Analysis & Synthesis Summary
  3. Analysis & Synthesis Settings
  4. Parallel Compilation
  5. Analysis & Synthesis Source Files Read
  6. Analysis & Synthesis Resource Usage Summary
  7. Analysis & Synthesis Resource Utilization by Entity
  8. Analysis & Synthesis RAM Summary
  9. Analysis & Synthesis IP Cores Summary
 10. General Register Statistics
 11. Inverted Register Statistics
 12. Source assignments for RAM:inst496|altsyncram:altsyncram_component|altsyncram_grh1:auto_generated
 13. Source assignments for RAM:inst494|altsyncram:altsyncram_component|altsyncram_grh1:auto_generated
 14. Parameter Settings for User Entity Instance: RAM:inst496|altsyncram:altsyncram_component
 15. Parameter Settings for User Entity Instance: RAM:inst494|altsyncram:altsyncram_component
 16. altsyncram Parameter Settings by Entity Instance
 17. Post-Synthesis Netlist Statistics for Top Partition
 18. Elapsed Time Per Partition
 19. Analysis & Synthesis Messages



----------------
; Legal Notice ;
----------------
Copyright (C) 1991-2016 Altera Corporation. All rights reserved.
Your use of Altera Corporation's design tools, logic functions 
and other software and tools, and its AMPP partner logic 
functions, and any output files from any of the foregoing 
(including device programming or simulation files), and any 
associated documentation or information are expressly subject 
to the terms and conditions of the Altera Program License 
Subscription Agreement, the Altera Quartus Prime License Agreement,
the Altera MegaCore Function License Agreement, or other 
applicable license agreement, including, without limitation, 
that your use is for the sole purpose of programming logic 
devices manufactured by Altera and sold by Altera or its 
authorized distributors.  Please refer to the applicable 
agreement for further details.



+----------------------------------------------------------------------------------+
; Analysis & Synthesis Summary                                                     ;
+------------------------------------+---------------------------------------------+
; Analysis & Synthesis Status        ; Successful - Tue Nov  1 16:54:03 2016       ;
; Quartus Prime Version              ; 16.0.0 Build 211 04/27/2016 SJ Lite Edition ;
; Revision Name                      ; Projeto_Final_Microprocessador              ;
; Top-level Entity Name              ; Projeto_Final_Microprocessador              ;
; Family                             ; Cyclone IV E                                ;
; Total logic elements               ; 96                                          ;
;     Total combinational functions  ; 64                                          ;
;     Dedicated logic registers      ; 47                                          ;
; Total registers                    ; 47                                          ;
; Total pins                         ; 24                                          ;
; Total virtual pins                 ; 0                                           ;
; Total memory bits                  ; 128                                         ;
; Embedded Multiplier 9-bit elements ; 0                                           ;
; Total PLLs                         ; 0                                           ;
+------------------------------------+---------------------------------------------+


+----------------------------------------------------------------------------------------------------------------------------------------------+
; Analysis & Synthesis Settings                                                                                                                ;
+----------------------------------------------------------------------------+--------------------------------+--------------------------------+
; Option                                                                     ; Setting                        ; Default Value                  ;
+----------------------------------------------------------------------------+--------------------------------+--------------------------------+
; Top-level entity name                                                      ; Projeto_Final_Microprocessador ; Projeto_Final_Microprocessador ;
; Family name                                                                ; Cyclone IV E                   ; Cyclone V                      ;
; Use smart compilation                                                      ; Off                            ; Off                            ;
; Enable parallel Assembler and TimeQuest Timing Analyzer during compilation ; On                             ; On                             ;
; Enable compact report table                                                ; Off                            ; Off                            ;
; Restructure Multiplexers                                                   ; Auto                           ; Auto                           ;
; Create Debugging Nodes for IP Cores                                        ; Off                            ; Off                            ;
; Preserve fewer node names                                                  ; On                             ; On                             ;
; Disable OpenCore Plus hardware evaluation                                  ; Off                            ; Off                            ;
; Verilog Version                                                            ; Verilog_2001                   ; Verilog_2001                   ;
; VHDL Version                                                               ; VHDL_1993                      ; VHDL_1993                      ;
; State Machine Processing                                                   ; Auto                           ; Auto                           ;
; Safe State Machine                                                         ; Off                            ; Off                            ;
; Extract Verilog State Machines                                             ; On                             ; On                             ;
; Extract VHDL State Machines                                                ; On                             ; On                             ;
; Ignore Verilog initial constructs                                          ; Off                            ; Off                            ;
; Iteration limit for constant Verilog loops                                 ; 5000                           ; 5000                           ;
; Iteration limit for non-constant Verilog loops                             ; 250                            ; 250                            ;
; Add Pass-Through Logic to Inferred RAMs                                    ; On                             ; On                             ;
; Infer RAMs from Raw Logic                                                  ; On                             ; On                             ;
; Parallel Synthesis                                                         ; On                             ; On                             ;
; DSP Block Balancing                                                        ; Auto                           ; Auto                           ;
; NOT Gate Push-Back                                                         ; On                             ; On                             ;
; Power-Up Don't Care                                                        ; On                             ; On                             ;
; Remove Redundant Logic Cells                                               ; Off                            ; Off                            ;
; Remove Duplicate Registers                                                 ; On                             ; On                             ;
; Ignore CARRY Buffers                                                       ; Off                            ; Off                            ;
; Ignore CASCADE Buffers                                                     ; Off                            ; Off                            ;
; Ignore GLOBAL Buffers                                                      ; Off                            ; Off                            ;
; Ignore ROW GLOBAL Buffers                                                  ; Off                            ; Off                            ;
; Ignore LCELL Buffers                                                       ; Off                            ; Off                            ;
; Ignore SOFT Buffers                                                        ; On                             ; On                             ;
; Limit AHDL Integers to 32 Bits                                             ; Off                            ; Off                            ;
; Optimization Technique                                                     ; Balanced                       ; Balanced                       ;
; Carry Chain Length                                                         ; 70                             ; 70                             ;
; Auto Carry Chains                                                          ; On                             ; On                             ;
; Auto Open-Drain Pins                                                       ; On                             ; On                             ;
; Perform WYSIWYG Primitive Resynthesis                                      ; Off                            ; Off                            ;
; Auto ROM Replacement                                                       ; On                             ; On                             ;
; Auto RAM Replacement                                                       ; On                             ; On                             ;
; Auto DSP Block Replacement                                                 ; On                             ; On                             ;
; Auto Shift Register Replacement                                            ; Auto                           ; Auto                           ;
; Allow Shift Register Merging across Hierarchies                            ; Auto                           ; Auto                           ;
; Auto Clock Enable Replacement                                              ; On                             ; On                             ;
; Strict RAM Replacement                                                     ; Off                            ; Off                            ;
; Allow Synchronous Control Signals                                          ; On                             ; On                             ;
; Force Use of Synchronous Clear Signals                                     ; Off                            ; Off                            ;
; Auto RAM Block Balancing                                                   ; On                             ; On                             ;
; Auto RAM to Logic Cell Conversion                                          ; Off                            ; Off                            ;
; Auto Resource Sharing                                                      ; Off                            ; Off                            ;
; Allow Any RAM Size For Recognition                                         ; Off                            ; Off                            ;
; Allow Any ROM Size For Recognition                                         ; Off                            ; Off                            ;
; Allow Any Shift Register Size For Recognition                              ; Off                            ; Off                            ;
; Use LogicLock Constraints during Resource Balancing                        ; On                             ; On                             ;
; Ignore translate_off and synthesis_off directives                          ; Off                            ; Off                            ;
; Timing-Driven Synthesis                                                    ; On                             ; On                             ;
; Report Parameter Settings                                                  ; On                             ; On                             ;
; Report Source Assignments                                                  ; On                             ; On                             ;
; Report Connectivity Checks                                                 ; On                             ; On                             ;
; Ignore Maximum Fan-Out Assignments                                         ; Off                            ; Off                            ;
; Synchronization Register Chain Length                                      ; 2                              ; 2                              ;
; PowerPlay Power Optimization During Synthesis                              ; Normal compilation             ; Normal compilation             ;
; HDL message level                                                          ; Level2                         ; Level2                         ;
; Suppress Register Optimization Related Messages                            ; Off                            ; Off                            ;
; Number of Removed Registers Reported in Synthesis Report                   ; 5000                           ; 5000                           ;
; Number of Swept Nodes Reported in Synthesis Report                         ; 5000                           ; 5000                           ;
; Number of Inverted Registers Reported in Synthesis Report                  ; 100                            ; 100                            ;
; Clock MUX Protection                                                       ; On                             ; On                             ;
; Auto Gated Clock Conversion                                                ; Off                            ; Off                            ;
; Block Design Naming                                                        ; Auto                           ; Auto                           ;
; SDC constraint protection                                                  ; Off                            ; Off                            ;
; Synthesis Effort                                                           ; Auto                           ; Auto                           ;
; Shift Register Replacement - Allow Asynchronous Clear Signal               ; On                             ; On                             ;
; Pre-Mapping Resynthesis Optimization                                       ; Off                            ; Off                            ;
; Analysis & Synthesis Message Level                                         ; Medium                         ; Medium                         ;
; Disable Register Merging Across Hierarchies                                ; Auto                           ; Auto                           ;
; Resource Aware Inference For Block RAM                                     ; On                             ; On                             ;
; Synthesis Seed                                                             ; 1                              ; 1                              ;
+----------------------------------------------------------------------------+--------------------------------+--------------------------------+


Parallel compilation was disabled, but you have multiple processors available. Enable parallel compilation to reduce compilation time.
+-------------------------------------+
; Parallel Compilation                ;
+----------------------------+--------+
; Processors                 ; Number ;
+----------------------------+--------+
; Number detected on machine ; 4      ;
; Maximum allowed            ; 1      ;
+----------------------------+--------+


+---------------------------------------------------------------------------------------------------------------------------------------------------------------------------------------------------------------------+
; Analysis & Synthesis Source Files Read                                                                                                                                                                              ;
+------------------------------------+-----------------+----------------------------------------+-----------------------------------------------------------------------------------------------------------+---------+
; File Name with User-Entered Path   ; Used in Netlist ; File Type                              ; File Name with Absolute Path                                                                              ; Library ;
+------------------------------------+-----------------+----------------------------------------+-----------------------------------------------------------------------------------------------------------+---------+
; Projeto_Final_Microprocessador.bdf ; yes             ; User Block Diagram/Schematic File      ; /home/leandro/Documentos/Leandro_uC_PEM/Projeto_Final_Microprocessador/Projeto_Final_Microprocessador.bdf ;         ;
; RAM.v                              ; yes             ; User Wizard-Generated File             ; /home/leandro/Documentos/Leandro_uC_PEM/Projeto_Final_Microprocessador/RAM.v                              ;         ;
; altsyncram.tdf                     ; yes             ; Megafunction                           ; /home/leandro/altera_lite/16.0/quartus/libraries/megafunctions/altsyncram.tdf                             ;         ;
; stratix_ram_block.inc              ; yes             ; Megafunction                           ; /home/leandro/altera_lite/16.0/quartus/libraries/megafunctions/stratix_ram_block.inc                      ;         ;
; lpm_mux.inc                        ; yes             ; Megafunction                           ; /home/leandro/altera_lite/16.0/quartus/libraries/megafunctions/lpm_mux.inc                                ;         ;
; lpm_decode.inc                     ; yes             ; Megafunction                           ; /home/leandro/altera_lite/16.0/quartus/libraries/megafunctions/lpm_decode.inc                             ;         ;
; aglobal160.inc                     ; yes             ; Megafunction                           ; /home/leandro/altera_lite/16.0/quartus/libraries/megafunctions/aglobal160.inc                             ;         ;
; a_rdenreg.inc                      ; yes             ; Megafunction                           ; /home/leandro/altera_lite/16.0/quartus/libraries/megafunctions/a_rdenreg.inc                              ;         ;
; altrom.inc                         ; yes             ; Megafunction                           ; /home/leandro/altera_lite/16.0/quartus/libraries/megafunctions/altrom.inc                                 ;         ;
; altram.inc                         ; yes             ; Megafunction                           ; /home/leandro/altera_lite/16.0/quartus/libraries/megafunctions/altram.inc                                 ;         ;
; altdpram.inc                       ; yes             ; Megafunction                           ; /home/leandro/altera_lite/16.0/quartus/libraries/megafunctions/altdpram.inc                               ;         ;
; db/altsyncram_grh1.tdf             ; yes             ; Auto-Generated Megafunction            ; /home/leandro/Documentos/Leandro_uC_PEM/Projeto_Final_Microprocessador/db/altsyncram_grh1.tdf             ;         ;
; RAM.hex                            ; yes             ; Auto-Found Memory Initialization File  ; /home/leandro/Documentos/Leandro_uC_PEM/Projeto_Final_Microprocessador/RAM.hex                            ;         ;
+------------------------------------+-----------------+----------------------------------------+-----------------------------------------------------------------------------------------------------------+---------+


+-------------------------------------------------------+
; Analysis & Synthesis Resource Usage Summary           ;
+---------------------------------------------+---------+
; Resource                                    ; Usage   ;
+---------------------------------------------+---------+
; Estimated Total logic elements              ; 96      ;
;                                             ;         ;
; Total combinational functions               ; 64      ;
; Logic element usage by number of LUT inputs ;         ;
;     -- 4 input functions                    ; 43      ;
;     -- 3 input functions                    ; 12      ;
;     -- <=2 input functions                  ; 9       ;
;                                             ;         ;
; Logic elements by mode                      ;         ;
;     -- normal mode                          ; 64      ;
;     -- arithmetic mode                      ; 0       ;
;                                             ;         ;
; Total registers                             ; 47      ;
;     -- Dedicated logic registers            ; 47      ;
;     -- I/O registers                        ; 0       ;
;                                             ;         ;
; I/O pins                                    ; 24      ;
; Total memory bits                           ; 128     ;
;                                             ;         ;
; Embedded Multiplier 9-bit elements          ; 0       ;
;                                             ;         ;
; Maximum fan-out node                        ; inst482 ;
; Maximum fan-out                             ; 52      ;
; Total fan-out                               ; 457     ;
; Average fan-out                             ; 2.74    ;
+---------------------------------------------+---------+


+--------------------------------------------------------------------------------------------------------------------------------------------------------------------------------------------------------------------------------------------------------------------------------------------------------------------+
; Analysis & Synthesis Resource Utilization by Entity                                                                                                                                                                                                                                                                ;
+-------------------------------------------+-------------------+--------------+-------------+--------------+---------+-----------+------+--------------+------------------------------------------------------------------------------------------------------------+--------------------------------+--------------+
; Compilation Hierarchy Node                ; LC Combinationals ; LC Registers ; Memory Bits ; DSP Elements ; DSP 9x9 ; DSP 18x18 ; Pins ; Virtual Pins ; Full Hierarchy Name                                                                                        ; Entity Name                    ; Library Name ;
+-------------------------------------------+-------------------+--------------+-------------+--------------+---------+-----------+------+--------------+------------------------------------------------------------------------------------------------------------+--------------------------------+--------------+
; |Projeto_Final_Microprocessador           ; 64 (64)           ; 47 (47)      ; 128         ; 0            ; 0       ; 0         ; 24   ; 0            ; |Projeto_Final_Microprocessador                                                                            ; Projeto_Final_Microprocessador ; work         ;
;    |RAM:inst494|                          ; 0 (0)             ; 0 (0)        ; 64          ; 0            ; 0       ; 0         ; 0    ; 0            ; |Projeto_Final_Microprocessador|RAM:inst494                                                                ; RAM                            ; work         ;
;       |altsyncram:altsyncram_component|   ; 0 (0)             ; 0 (0)        ; 64          ; 0            ; 0       ; 0         ; 0    ; 0            ; |Projeto_Final_Microprocessador|RAM:inst494|altsyncram:altsyncram_component                                ; altsyncram                     ; work         ;
;          |altsyncram_grh1:auto_generated| ; 0 (0)             ; 0 (0)        ; 64          ; 0            ; 0       ; 0         ; 0    ; 0            ; |Projeto_Final_Microprocessador|RAM:inst494|altsyncram:altsyncram_component|altsyncram_grh1:auto_generated ; altsyncram_grh1                ; work         ;
;    |RAM:inst496|                          ; 0 (0)             ; 0 (0)        ; 64          ; 0            ; 0       ; 0         ; 0    ; 0            ; |Projeto_Final_Microprocessador|RAM:inst496                                                                ; RAM                            ; work         ;
;       |altsyncram:altsyncram_component|   ; 0 (0)             ; 0 (0)        ; 64          ; 0            ; 0       ; 0         ; 0    ; 0            ; |Projeto_Final_Microprocessador|RAM:inst496|altsyncram:altsyncram_component                                ; altsyncram                     ; work         ;
;          |altsyncram_grh1:auto_generated| ; 0 (0)             ; 0 (0)        ; 64          ; 0            ; 0       ; 0         ; 0    ; 0            ; |Projeto_Final_Microprocessador|RAM:inst496|altsyncram:altsyncram_component|altsyncram_grh1:auto_generated ; altsyncram_grh1                ; work         ;
+-------------------------------------------+-------------------+--------------+-------------+--------------+---------+-----------+------+--------------+------------------------------------------------------------------------------------------------------------+--------------------------------+--------------+
Note: For table entries with two numbers listed, the numbers in parentheses indicate the number of resources of the given type used by the specific entity alone. The numbers listed outside of parentheses indicate the total resources of the given type used by the specific entity and all of its sub-entities in the hierarchy.


+-----------------------------------------------------------------------------------------------------------------------------------------------------------------------------------------+
; Analysis & Synthesis RAM Summary                                                                                                                                                        ;
+---------------------------------------------------------------------------------------+------+-------------+--------------+--------------+--------------+--------------+------+---------+
; Name                                                                                  ; Type ; Mode        ; Port A Depth ; Port A Width ; Port B Depth ; Port B Width ; Size ; MIF     ;
+---------------------------------------------------------------------------------------+------+-------------+--------------+--------------+--------------+--------------+------+---------+
; RAM:inst494|altsyncram:altsyncram_component|altsyncram_grh1:auto_generated|ALTSYNCRAM ; AUTO ; Single Port ; 16           ; 4            ; --           ; --           ; 64   ; RAM.hex ;
; RAM:inst496|altsyncram:altsyncram_component|altsyncram_grh1:auto_generated|ALTSYNCRAM ; AUTO ; Single Port ; 16           ; 4            ; --           ; --           ; 64   ; RAM.hex ;
+---------------------------------------------------------------------------------------+------+-------------+--------------+--------------+--------------+--------------+------+---------+


+-------------------------------------------------------------------------------------------------------------------------------+
; Analysis & Synthesis IP Cores Summary                                                                                         ;
+--------+--------------+---------+--------------+--------------+---------------------------------------------+-----------------+
; Vendor ; IP Core Name ; Version ; Release Date ; License Type ; Entity Instance                             ; IP Include File ;
+--------+--------------+---------+--------------+--------------+---------------------------------------------+-----------------+
; Altera ; RAM: 1-PORT  ; 16.0    ; N/A          ; N/A          ; |Projeto_Final_Microprocessador|RAM:inst494 ; RAM.v           ;
; Altera ; RAM: 1-PORT  ; 16.0    ; N/A          ; N/A          ; |Projeto_Final_Microprocessador|RAM:inst496 ; RAM.v           ;
+--------+--------------+---------+--------------+--------------+---------------------------------------------+-----------------+


+------------------------------------------------------+
; General Register Statistics                          ;
+----------------------------------------------+-------+
; Statistic                                    ; Value ;
+----------------------------------------------+-------+
; Total registers                              ; 47    ;
; Number of registers using Synchronous Clear  ; 0     ;
; Number of registers using Synchronous Load   ; 0     ;
; Number of registers using Asynchronous Clear ; 15    ;
; Number of registers using Asynchronous Load  ; 0     ;
; Number of registers using Clock Enable       ; 40    ;
; Number of registers using Preset             ; 0     ;
+----------------------------------------------+-------+


+--------------------------------------------------+
; Inverted Register Statistics                     ;
+----------------------------------------+---------+
; Inverted Register                      ; Fan out ;
+----------------------------------------+---------+
; inst402                                ; 3       ;
; inst396                                ; 10      ;
; inst400                                ; 6       ;
; inst404                                ; 4       ;
; inst394                                ; 6       ;
; inst395                                ; 5       ;
; Total number of inverted registers = 6 ;         ;
+----------------------------------------+---------+


+---------------------------------------------------------------------------------------------------+
; Source assignments for RAM:inst496|altsyncram:altsyncram_component|altsyncram_grh1:auto_generated ;
+---------------------------------+--------------------+------+-------------------------------------+
; Assignment                      ; Value              ; From ; To                                  ;
+---------------------------------+--------------------+------+-------------------------------------+
; OPTIMIZE_POWER_DURING_SYNTHESIS ; NORMAL_COMPILATION ; -    ; -                                   ;
+---------------------------------+--------------------+------+-------------------------------------+


+---------------------------------------------------------------------------------------------------+
; Source assignments for RAM:inst494|altsyncram:altsyncram_component|altsyncram_grh1:auto_generated ;
+---------------------------------+--------------------+------+-------------------------------------+
; Assignment                      ; Value              ; From ; To                                  ;
+---------------------------------+--------------------+------+-------------------------------------+
; OPTIMIZE_POWER_DURING_SYNTHESIS ; NORMAL_COMPILATION ; -    ; -                                   ;
+---------------------------------+--------------------+------+-------------------------------------+


+------------------------------------------------------------------------------------------+
; Parameter Settings for User Entity Instance: RAM:inst496|altsyncram:altsyncram_component ;
+------------------------------------+----------------------+------------------------------+
; Parameter Name                     ; Value                ; Type                         ;
+------------------------------------+----------------------+------------------------------+
; BYTE_SIZE_BLOCK                    ; 8                    ; Untyped                      ;
; AUTO_CARRY_CHAINS                  ; ON                   ; AUTO_CARRY                   ;
; IGNORE_CARRY_BUFFERS               ; OFF                  ; IGNORE_CARRY                 ;
; AUTO_CASCADE_CHAINS                ; ON                   ; AUTO_CASCADE                 ;
; IGNORE_CASCADE_BUFFERS             ; OFF                  ; IGNORE_CASCADE               ;
; WIDTH_BYTEENA                      ; 1                    ; Untyped                      ;
; OPERATION_MODE                     ; SINGLE_PORT          ; Untyped                      ;
; WIDTH_A                            ; 4                    ; Signed Integer               ;
; WIDTHAD_A                          ; 4                    ; Signed Integer               ;
; NUMWORDS_A                         ; 16                   ; Signed Integer               ;
; OUTDATA_REG_A                      ; UNREGISTERED         ; Untyped                      ;
; ADDRESS_ACLR_A                     ; NONE                 ; Untyped                      ;
; OUTDATA_ACLR_A                     ; NONE                 ; Untyped                      ;
; WRCONTROL_ACLR_A                   ; NONE                 ; Untyped                      ;
; INDATA_ACLR_A                      ; NONE                 ; Untyped                      ;
; BYTEENA_ACLR_A                     ; NONE                 ; Untyped                      ;
; WIDTH_B                            ; 1                    ; Untyped                      ;
; WIDTHAD_B                          ; 1                    ; Untyped                      ;
; NUMWORDS_B                         ; 1                    ; Untyped                      ;
; INDATA_REG_B                       ; CLOCK1               ; Untyped                      ;
; WRCONTROL_WRADDRESS_REG_B          ; CLOCK1               ; Untyped                      ;
; RDCONTROL_REG_B                    ; CLOCK1               ; Untyped                      ;
; ADDRESS_REG_B                      ; CLOCK1               ; Untyped                      ;
; OUTDATA_REG_B                      ; UNREGISTERED         ; Untyped                      ;
; BYTEENA_REG_B                      ; CLOCK1               ; Untyped                      ;
; INDATA_ACLR_B                      ; NONE                 ; Untyped                      ;
; WRCONTROL_ACLR_B                   ; NONE                 ; Untyped                      ;
; ADDRESS_ACLR_B                     ; NONE                 ; Untyped                      ;
; OUTDATA_ACLR_B                     ; NONE                 ; Untyped                      ;
; RDCONTROL_ACLR_B                   ; NONE                 ; Untyped                      ;
; BYTEENA_ACLR_B                     ; NONE                 ; Untyped                      ;
; WIDTH_BYTEENA_A                    ; 1                    ; Signed Integer               ;
; WIDTH_BYTEENA_B                    ; 1                    ; Untyped                      ;
; RAM_BLOCK_TYPE                     ; AUTO                 ; Untyped                      ;
; BYTE_SIZE                          ; 8                    ; Untyped                      ;
; READ_DURING_WRITE_MODE_MIXED_PORTS ; DONT_CARE            ; Untyped                      ;
; READ_DURING_WRITE_MODE_PORT_A      ; NEW_DATA_NO_NBE_READ ; Untyped                      ;
; READ_DURING_WRITE_MODE_PORT_B      ; NEW_DATA_NO_NBE_READ ; Untyped                      ;
; INIT_FILE                          ; RAM.hex              ; Untyped                      ;
; INIT_FILE_LAYOUT                   ; PORT_A               ; Untyped                      ;
; MAXIMUM_DEPTH                      ; 0                    ; Untyped                      ;
; CLOCK_ENABLE_INPUT_A               ; BYPASS               ; Untyped                      ;
; CLOCK_ENABLE_INPUT_B               ; NORMAL               ; Untyped                      ;
; CLOCK_ENABLE_OUTPUT_A              ; BYPASS               ; Untyped                      ;
; CLOCK_ENABLE_OUTPUT_B              ; NORMAL               ; Untyped                      ;
; CLOCK_ENABLE_CORE_A                ; USE_INPUT_CLKEN      ; Untyped                      ;
; CLOCK_ENABLE_CORE_B                ; USE_INPUT_CLKEN      ; Untyped                      ;
; ENABLE_ECC                         ; FALSE                ; Untyped                      ;
; ECC_PIPELINE_STAGE_ENABLED         ; FALSE                ; Untyped                      ;
; WIDTH_ECCSTATUS                    ; 3                    ; Untyped                      ;
; DEVICE_FAMILY                      ; Cyclone IV E         ; Untyped                      ;
; CBXI_PARAMETER                     ; altsyncram_grh1      ; Untyped                      ;
+------------------------------------+----------------------+------------------------------+
Note: In order to hide this table in the UI and the text report file, please set the "Show Parameter Settings in Synthesis Report" option in "Analysis and Synthesis Settings -> More Settings" to "Off".


+------------------------------------------------------------------------------------------+
; Parameter Settings for User Entity Instance: RAM:inst494|altsyncram:altsyncram_component ;
+------------------------------------+----------------------+------------------------------+
; Parameter Name                     ; Value                ; Type                         ;
+------------------------------------+----------------------+------------------------------+
; BYTE_SIZE_BLOCK                    ; 8                    ; Untyped                      ;
; AUTO_CARRY_CHAINS                  ; ON                   ; AUTO_CARRY                   ;
; IGNORE_CARRY_BUFFERS               ; OFF                  ; IGNORE_CARRY                 ;
; AUTO_CASCADE_CHAINS                ; ON                   ; AUTO_CASCADE                 ;
; IGNORE_CASCADE_BUFFERS             ; OFF                  ; IGNORE_CASCADE               ;
; WIDTH_BYTEENA                      ; 1                    ; Untyped                      ;
; OPERATION_MODE                     ; SINGLE_PORT          ; Untyped                      ;
; WIDTH_A                            ; 4                    ; Signed Integer               ;
; WIDTHAD_A                          ; 4                    ; Signed Integer               ;
; NUMWORDS_A                         ; 16                   ; Signed Integer               ;
; OUTDATA_REG_A                      ; UNREGISTERED         ; Untyped                      ;
; ADDRESS_ACLR_A                     ; NONE                 ; Untyped                      ;
; OUTDATA_ACLR_A                     ; NONE                 ; Untyped                      ;
; WRCONTROL_ACLR_A                   ; NONE                 ; Untyped                      ;
; INDATA_ACLR_A                      ; NONE                 ; Untyped                      ;
; BYTEENA_ACLR_A                     ; NONE                 ; Untyped                      ;
; WIDTH_B                            ; 1                    ; Untyped                      ;
; WIDTHAD_B                          ; 1                    ; Untyped                      ;
; NUMWORDS_B                         ; 1                    ; Untyped                      ;
; INDATA_REG_B                       ; CLOCK1               ; Untyped                      ;
; WRCONTROL_WRADDRESS_REG_B          ; CLOCK1               ; Untyped                      ;
; RDCONTROL_REG_B                    ; CLOCK1               ; Untyped                      ;
; ADDRESS_REG_B                      ; CLOCK1               ; Untyped                      ;
; OUTDATA_REG_B                      ; UNREGISTERED         ; Untyped                      ;
; BYTEENA_REG_B                      ; CLOCK1               ; Untyped                      ;
; INDATA_ACLR_B                      ; NONE                 ; Untyped                      ;
; WRCONTROL_ACLR_B                   ; NONE                 ; Untyped                      ;
; ADDRESS_ACLR_B                     ; NONE                 ; Untyped                      ;
; OUTDATA_ACLR_B                     ; NONE                 ; Untyped                      ;
; RDCONTROL_ACLR_B                   ; NONE                 ; Untyped                      ;
; BYTEENA_ACLR_B                     ; NONE                 ; Untyped                      ;
; WIDTH_BYTEENA_A                    ; 1                    ; Signed Integer               ;
; WIDTH_BYTEENA_B                    ; 1                    ; Untyped                      ;
; RAM_BLOCK_TYPE                     ; AUTO                 ; Untyped                      ;
; BYTE_SIZE                          ; 8                    ; Untyped                      ;
; READ_DURING_WRITE_MODE_MIXED_PORTS ; DONT_CARE            ; Untyped                      ;
; READ_DURING_WRITE_MODE_PORT_A      ; NEW_DATA_NO_NBE_READ ; Untyped                      ;
; READ_DURING_WRITE_MODE_PORT_B      ; NEW_DATA_NO_NBE_READ ; Untyped                      ;
; INIT_FILE                          ; RAM.hex              ; Untyped                      ;
; INIT_FILE_LAYOUT                   ; PORT_A               ; Untyped                      ;
; MAXIMUM_DEPTH                      ; 0                    ; Untyped                      ;
; CLOCK_ENABLE_INPUT_A               ; BYPASS               ; Untyped                      ;
; CLOCK_ENABLE_INPUT_B               ; NORMAL               ; Untyped                      ;
; CLOCK_ENABLE_OUTPUT_A              ; BYPASS               ; Untyped                      ;
; CLOCK_ENABLE_OUTPUT_B              ; NORMAL               ; Untyped                      ;
; CLOCK_ENABLE_CORE_A                ; USE_INPUT_CLKEN      ; Untyped                      ;
; CLOCK_ENABLE_CORE_B                ; USE_INPUT_CLKEN      ; Untyped                      ;
; ENABLE_ECC                         ; FALSE                ; Untyped                      ;
; ECC_PIPELINE_STAGE_ENABLED         ; FALSE                ; Untyped                      ;
; WIDTH_ECCSTATUS                    ; 3                    ; Untyped                      ;
; DEVICE_FAMILY                      ; Cyclone IV E         ; Untyped                      ;
; CBXI_PARAMETER                     ; altsyncram_grh1      ; Untyped                      ;
+------------------------------------+----------------------+------------------------------+
Note: In order to hide this table in the UI and the text report file, please set the "Show Parameter Settings in Synthesis Report" option in "Analysis and Synthesis Settings -> More Settings" to "Off".


+-----------------------------------------------------------------------------------------+
; altsyncram Parameter Settings by Entity Instance                                        ;
+-------------------------------------------+---------------------------------------------+
; Name                                      ; Value                                       ;
+-------------------------------------------+---------------------------------------------+
; Number of entity instances                ; 2                                           ;
; Entity Instance                           ; RAM:inst496|altsyncram:altsyncram_component ;
;     -- OPERATION_MODE                     ; SINGLE_PORT                                 ;
;     -- WIDTH_A                            ; 4                                           ;
;     -- NUMWORDS_A                         ; 16                                          ;
;     -- OUTDATA_REG_A                      ; UNREGISTERED                                ;
;     -- WIDTH_B                            ; 1                                           ;
;     -- NUMWORDS_B                         ; 1                                           ;
;     -- ADDRESS_REG_B                      ; CLOCK1                                      ;
;     -- OUTDATA_REG_B                      ; UNREGISTERED                                ;
;     -- RAM_BLOCK_TYPE                     ; AUTO                                        ;
;     -- READ_DURING_WRITE_MODE_MIXED_PORTS ; DONT_CARE                                   ;
; Entity Instance                           ; RAM:inst494|altsyncram:altsyncram_component ;
;     -- OPERATION_MODE                     ; SINGLE_PORT                                 ;
;     -- WIDTH_A                            ; 4                                           ;
;     -- NUMWORDS_A                         ; 16                                          ;
;     -- OUTDATA_REG_A                      ; UNREGISTERED                                ;
;     -- WIDTH_B                            ; 1                                           ;
;     -- NUMWORDS_B                         ; 1                                           ;
;     -- ADDRESS_REG_B                      ; CLOCK1                                      ;
;     -- OUTDATA_REG_B                      ; UNREGISTERED                                ;
;     -- RAM_BLOCK_TYPE                     ; AUTO                                        ;
;     -- READ_DURING_WRITE_MODE_MIXED_PORTS ; DONT_CARE                                   ;
+-------------------------------------------+---------------------------------------------+


+-----------------------------------------------------+
; Post-Synthesis Netlist Statistics for Top Partition ;
+-----------------------+-----------------------------+
; Type                  ; Count                       ;
+-----------------------+-----------------------------+
; boundary_port         ; 24                          ;
; cycloneiii_ff         ; 47                          ;
;     CLR               ; 7                           ;
;     ENA               ; 32                          ;
;     ENA CLR           ; 8                           ;
; cycloneiii_lcell_comb ; 64                          ;
;     normal            ; 64                          ;
;         1 data inputs ; 6                           ;
;         2 data inputs ; 3                           ;
;         3 data inputs ; 12                          ;
;         4 data inputs ; 43                          ;
; cycloneiii_ram_block  ; 8                           ;
;                       ;                             ;
; Max LUT depth         ; 11.00                       ;
; Average LUT depth     ; 4.66                        ;
+-----------------------+-----------------------------+


+-------------------------------+
; Elapsed Time Per Partition    ;
+----------------+--------------+
; Partition Name ; Elapsed Time ;
+----------------+--------------+
; Top            ; 00:00:00     ;
+----------------+--------------+


+-------------------------------+
; Analysis & Synthesis Messages ;
+-------------------------------+
Info: *******************************************************************
Info: Running Quartus Prime Analysis & Synthesis
    Info: Version 16.0.0 Build 211 04/27/2016 SJ Lite Edition
    Info: Processing started: Tue Nov  1 16:53:46 2016
Info: Command: quartus_map --read_settings_files=on --write_settings_files=off Projeto_Final_Microprocessador -c Projeto_Final_Microprocessador
Warning (20028): Parallel compilation is not licensed and has been disabled
Info (12021): Found 1 design units, including 1 entities, in source file Projeto_Final_Microprocessador.bdf
    Info (12023): Found entity 1: Projeto_Final_Microprocessador
Info (12021): Found 1 design units, including 1 entities, in source file RAM.v
    Info (12023): Found entity 1: RAM File: /home/leandro/Documentos/Leandro_uC_PEM/Projeto_Final_Microprocessador/RAM.v Line: 40
Warning (12019): Can't analyze file -- file Somador_Completo.bdf is missing
Info (12127): Elaborating entity "Projeto_Final_Microprocessador" for the top level hierarchy
Warning (275011): Block or symbol "XOR" of instance "inst2" overlaps another block or symbol
Warning (275011): Block or symbol "XOR" of instance "inst27" overlaps another block or symbol
Warning (275011): Block or symbol "XOR" of instance "inst96" overlaps another block or symbol
Warning (275011): Block or symbol "XOR" of instance "inst104" overlaps another block or symbol
Warning (275011): Block or symbol "XOR" of instance "inst116" overlaps another block or symbol
Warning (275011): Block or symbol "XOR" of instance "inst123" overlaps another block or symbol
Warning (275011): Block or symbol "NAND2" of instance "inst316" overlaps another block or symbol
Warning (275011): Block or symbol "NAND2" of instance "inst318" overlaps another block or symbol
Warning (275011): Block or symbol "NAND2" of instance "inst327" overlaps another block or symbol
Warning (275011): Block or symbol "AND2" of instance "inst371" overlaps another block or symbol
Warning (275011): Block or symbol "AND2" of instance "inst372" overlaps another block or symbol
Warning (275008): Primitive "GND" of instance "inst" not used
Warning (275008): Primitive "OR2" of instance "inst124" not used
Warning (275008): Primitive "OR2" of instance "inst125" not used
Warning (275008): Primitive "AND2" of instance "inst126" not used
Warning (275008): Primitive "AND2" of instance "inst127" not used
Warning (275008): Primitive "AND2" of instance "inst128" not used
Info (12128): Elaborating entity "RAM" for hierarchy "RAM:inst496"
Info (12128): Elaborating entity "altsyncram" for hierarchy "RAM:inst496|altsyncram:altsyncram_component" File: /home/leandro/Documentos/Leandro_uC_PEM/Projeto_Final_Microprocessador/RAM.v Line: 86
Info (12130): Elaborated megafunction instantiation "RAM:inst496|altsyncram:altsyncram_component" File: /home/leandro/Documentos/Leandro_uC_PEM/Projeto_Final_Microprocessador/RAM.v Line: 86
Info (12133): Instantiated megafunction "RAM:inst496|altsyncram:altsyncram_component" with the following parameter: File: /home/leandro/Documentos/Leandro_uC_PEM/Projeto_Final_Microprocessador/RAM.v Line: 86
    Info (12134): Parameter "clock_enable_input_a" = "BYPASS"
    Info (12134): Parameter "clock_enable_output_a" = "BYPASS"
    Info (12134): Parameter "init_file" = "RAM.hex"
    Info (12134): Parameter "intended_device_family" = "Cyclone IV E"
    Info (12134): Parameter "lpm_hint" = "ENABLE_RUNTIME_MOD=NO"
    Info (12134): Parameter "lpm_type" = "altsyncram"
    Info (12134): Parameter "numwords_a" = "16"
    Info (12134): Parameter "operation_mode" = "SINGLE_PORT"
    Info (12134): Parameter "outdata_aclr_a" = "NONE"
    Info (12134): Parameter "outdata_reg_a" = "UNREGISTERED"
    Info (12134): Parameter "power_up_uninitialized" = "FALSE"
    Info (12134): Parameter "read_during_write_mode_port_a" = "NEW_DATA_NO_NBE_READ"
    Info (12134): Parameter "widthad_a" = "4"
    Info (12134): Parameter "width_a" = "4"
    Info (12134): Parameter "width_byteena_a" = "1"
Info (12021): Found 1 design units, including 1 entities, in source file db/altsyncram_grh1.tdf
    Info (12023): Found entity 1: altsyncram_grh1 File: /home/leandro/Documentos/Leandro_uC_PEM/Projeto_Final_Microprocessador/db/altsyncram_grh1.tdf Line: 28
Info (12128): Elaborating entity "altsyncram_grh1" for hierarchy "RAM:inst496|altsyncram:altsyncram_component|altsyncram_grh1:auto_generated" File: /home/leandro/altera_lite/16.0/quartus/libraries/megafunctions/altsyncram.tdf Line: 792
Warning (113007): Byte addressed memory initialization file "RAM.hex" was read in the word-addressed format File: /home/leandro/Documentos/Leandro_uC_PEM/Projeto_Final_Microprocessador/RAM.hex Line: 1
Warning (13046): Tri-state node(s) do not directly drive top-level pin(s)
    Warning (13049): Converted tri-state buffer "inst274" feeding internal logic into a wire
    Warning (13049): Converted tri-state buffer "inst275" feeding internal logic into a wire
    Warning (13049): Converted tri-state buffer "inst277" feeding internal logic into a wire
    Warning (13049): Converted tri-state buffer "inst276" feeding internal logic into a wire
    Warning (13049): Converted tri-state buffer "inst158" feeding internal logic into a wire
    Warning (13049): Converted tri-state buffer "inst157" feeding internal logic into a wire
    Warning (13049): Converted tri-state buffer "inst156" feeding internal logic into a wire
    Warning (13049): Converted tri-state buffer "inst188" feeding internal logic into a wire
    Warning (13049): Converted tri-state buffer "inst186" feeding internal logic into a wire
    Warning (13049): Converted tri-state buffer "inst187" feeding internal logic into a wire
    Warning (13049): Converted tri-state buffer "inst445" feeding internal logic into a wire
    Warning (13049): Converted tri-state buffer "inst444" feeding internal logic into a wire
    Warning (13049): Converted tri-state buffer "inst446" feeding internal logic into a wire
    Warning (13049): Converted tri-state buffer "inst443" feeding internal logic into a wire
    Warning (13049): Converted tri-state buffer "inst159" feeding internal logic into a wire
    Warning (13049): Converted tri-state buffer "inst189" feeding internal logic into a wire
Warning (13044): Always-enabled tri-state buffer(s) removed
    Warning (13045): Converted the fanout from the always-enabled tri-state buffer "inst245" to the node "S0" into a wire
    Warning (13045): Converted the fanout from the always-enabled tri-state buffer "inst244" to the node "S1" into a wire
    Warning (13045): Converted the fanout from the always-enabled tri-state buffer "inst242" to the node "S2" into a wire
    Warning (13045): Converted the fanout from the always-enabled tri-state buffer "inst243" to the node "S3" into a wire
    Warning (13045): Converted the fanout from the always-enabled tri-state buffer "inst217" to the node "S4" into a wire
    Warning (13045): Converted the fanout from the always-enabled tri-state buffer "inst216" to the node "S5" into a wire
    Warning (13045): Converted the fanout from the always-enabled tri-state buffer "inst214" to the node "S6" into a wire
    Warning (13045): Converted the fanout from the always-enabled tri-state buffer "inst215" to the node "S7" into a wire
    Warning (13045): Converted the fanout from the always-enabled tri-state buffer "inst44" to the node "inst123" into a wire
Warning (13046): Tri-state node(s) do not directly drive top-level pin(s)
    Warning (13047): Converted the fan-out from the tri-state buffer "inst43" to the node "inst117" into an OR gate
    Warning (13047): Converted the fan-out from the tri-state buffer "inst45" to the node "inst111" into an OR gate
    Warning (13047): Converted the fan-out from the tri-state buffer "inst46" to the node "inst105" into an OR gate
    Warning (13047): Converted the fan-out from the tri-state buffer "inst70" to the node "inst97" into an OR gate
    Warning (13047): Converted the fan-out from the tri-state buffer "inst69" to the node "inst28" into an OR gate
    Warning (13047): Converted the fan-out from the tri-state buffer "inst71" to the node "inst22" into an OR gate
    Warning (13047): Converted the fan-out from the tri-state buffer "inst72" to the node "inst2" into an OR gate
Warning (13046): Tri-state node(s) do not directly drive top-level pin(s)
    Warning (13047): Converted the fan-out from the tri-state buffer "inst81" to the node "inst235" into an OR gate
    Warning (13047): Converted the fan-out from the tri-state buffer "inst82" to the node "inst236" into an OR gate
    Warning (13047): Converted the fan-out from the tri-state buffer "inst83" to the node "inst237" into an OR gate
    Warning (13047): Converted the fan-out from the tri-state buffer "inst84" to the node "inst238" into an OR gate
    Warning (13047): Converted the fan-out from the tri-state buffer "inst77" to the node "inst207" into an OR gate
    Warning (13047): Converted the fan-out from the tri-state buffer "inst78" to the node "inst208" into an OR gate
    Warning (13047): Converted the fan-out from the tri-state buffer "inst79" to the node "inst209" into an OR gate
    Warning (13047): Converted the fan-out from the tri-state buffer "inst80" to the node "inst210" into an OR gate
Info (13000): Registers with preset signals will power-up high
Info (13003): DEV_CLRn pin will set, and not reset, register with preset signal due to NOT Gate Push-Back
Info (286030): Timing-Driven Synthesis is running
Info (16010): Generating hard_block partition "hard_block:auto_generated_inst"
    Info (16011): Adding 0 node(s), including 0 DDIO, 0 PLL, 0 transceiver and 0 LCELL
Info (21057): Implemented 136 device resources after synthesis - the final resource count might be different
    Info (21058): Implemented 16 input pins
    Info (21059): Implemented 8 output pins
    Info (21061): Implemented 104 logic cells
    Info (21064): Implemented 8 RAM segments
Info: Quartus Prime Analysis & Synthesis was successful. 0 errors, 64 warnings
    Info: Peak virtual memory: 1263 megabytes
    Info: Processing ended: Tue Nov  1 16:54:03 2016
    Info: Elapsed time: 00:00:17
    Info: Total CPU time (on all processors): 00:00:42


